2018-09-12 13:09:07.211 [main] INFO  com.ssm.server.start.StartServer-Starting StartServer on JRA1164529C531 with PID 17904 (D:\git\ssm-docker\target\classes started by moshiyong in D:\git\ssm-docker)
2018-09-12 13:09:07.216 [main] DEBUG com.ssm.server.start.StartServer-Running with Spring Boot v2.1.0.BUILD-SNAPSHOT, Spring v5.1.0.RC3
2018-09-12 13:09:07.219 [main] INFO  com.ssm.server.start.StartServer-No active profile set, falling back to default profiles: default
2018-09-12 13:09:09.497 [main] INFO  org.eclipse.jetty.util.log-Logging initialized @5062ms to org.eclipse.jetty.util.log.Slf4jLog
2018-09-12 13:09:09.753 [main] INFO  o.s.b.w.e.jetty.JettyServletWebServerFactory-Server initialized with port: 8081
2018-09-12 13:09:09.758 [main] INFO  org.eclipse.jetty.server.Server-jetty-9.4.12.v20180830; built: 2018-08-30T13:59:14.071Z; git: 27208684755d94a92186989f695db2d7b21ebc51; jvm 1.8.0_171-b11
2018-09-12 13:09:09.996 [main] INFO  org.eclipse.jetty.server.session-DefaultSessionIdManager workerName=node0
2018-09-12 13:09:09.997 [main] INFO  org.eclipse.jetty.server.session-No SessionScavenger set, using defaults
2018-09-12 13:09:09.998 [main] INFO  org.eclipse.jetty.server.session-node0 Scavenging every 660000ms
2018-09-12 13:09:10.004 [main] INFO  o.e.j.server.handler.ContextHandler.application-Initializing Spring embedded WebApplicationContext
2018-09-12 13:09:10.004 [main] INFO  org.springframework.web.context.ContextLoader-Root WebApplicationContext: initialization completed in 2705 ms
2018-09-12 13:09:10.042 [main] INFO  o.s.boot.web.servlet.ServletRegistrationBean-Servlet dispatcherServlet mapped to [/]
2018-09-12 13:09:10.045 [main] INFO  o.s.boot.web.servlet.FilterRegistrationBean-Mapping filter: 'characterEncodingFilter' to: [/*]
2018-09-12 13:09:10.046 [main] INFO  o.s.boot.web.servlet.FilterRegistrationBean-Mapping filter: 'hiddenHttpMethodFilter' to: [/*]
2018-09-12 13:09:10.046 [main] INFO  o.s.boot.web.servlet.FilterRegistrationBean-Mapping filter: 'formContentFilter' to: [/*]
2018-09-12 13:09:10.046 [main] INFO  o.s.boot.web.servlet.FilterRegistrationBean-Mapping filter: 'requestContextFilter' to: [/*]
2018-09-12 13:09:10.052 [main] INFO  org.eclipse.jetty.server.handler.ContextHandler-Started o.s.b.w.e.j.JettyEmbeddedWebAppContext@69d45cca{application,/,[file:///C:/Users/moshiyong/AppData/Local/Temp/jetty-docbase.7510106474971605592.8081/, jar:file:/D:/soft/jar/io/springfox/springfox-swagger-ui/2.7.0/springfox-swagger-ui-2.7.0.jar!/META-INF/resources],AVAILABLE}
2018-09-12 13:09:10.053 [main] INFO  org.eclipse.jetty.server.Server-Started @5617ms
2018-09-12 13:09:10.603 [main] WARN  o.s.b.w.s.c.AnnotationConfigServletWebServerApplicationContext-Exception encountered during context initialization - cancelling refresh attempt: org.springframework.beans.factory.UnsatisfiedDependencyException: Error creating bean with name 'liquibase' defined in class path resource [com/ssm/core/configuration/LiquibaseConfig.class]: Unsatisfied dependency expressed through method 'liquibase' parameter 0; nested exception is org.springframework.beans.factory.NoSuchBeanDefinitionException: No qualifying bean of type 'javax.sql.DataSource' available: expected at least 1 bean which qualifies as autowire candidate. Dependency annotations: {}
2018-09-12 13:09:10.610 [main] INFO  org.eclipse.jetty.server.session-node0 Stopped scavenging
2018-09-12 13:09:10.614 [main] INFO  org.eclipse.jetty.server.handler.ContextHandler-Stopped o.s.b.w.e.j.JettyEmbeddedWebAppContext@69d45cca{application,/,[file:///C:/Users/moshiyong/AppData/Local/Temp/jetty-docbase.7510106474971605592.8081/, jar:file:/D:/soft/jar/io/springfox/springfox-swagger-ui/2.7.0/springfox-swagger-ui-2.7.0.jar!/META-INF/resources],UNAVAILABLE}
2018-09-12 13:09:10.625 [main] INFO  o.s.b.a.l.ConditionEvaluationReportLoggingListener-

Error starting ApplicationContext. To display the conditions report re-run your application with 'debug' enabled.
2018-09-12 13:09:10.779 [main] ERROR o.s.b.diagnostics.LoggingFailureAnalysisReporter-

***************************
APPLICATION FAILED TO START
***************************

Description:

Parameter 0 of method liquibase in com.ssm.core.configuration.LiquibaseConfig required a bean of type 'javax.sql.DataSource' that could not be found.
	- Bean method 'dataSource' not loaded because @ConditionalOnClass did not find required class 'org.springframework.jdbc.datasource.embedded.EmbeddedDatabaseType'
	- Bean method 'dataSource' not loaded because @ConditionalOnClass did not find required classes 'javax.transaction.TransactionManager', 'org.springframework.jdbc.datasource.embedded.EmbeddedDatabaseType'


Action:

Consider revisiting the entries above or defining a bean of type 'javax.sql.DataSource' in your configuration.

2018-09-12 13:40:57.600 [main] INFO  com.ssm.server.start.StartServer-Starting StartServer on JRA1164529C531 with PID 16672 (D:\git\ssm-docker\target\classes started by moshiyong in D:\git\ssm-docker)
2018-09-12 13:40:57.630 [main] DEBUG com.ssm.server.start.StartServer-Running with Spring Boot v2.1.0.BUILD-SNAPSHOT, Spring v5.1.0.RC3
2018-09-12 13:40:57.633 [main] INFO  com.ssm.server.start.StartServer-No active profile set, falling back to default profiles: default
2018-09-12 13:40:59.814 [main] INFO  org.eclipse.jetty.util.log-Logging initialized @4483ms to org.eclipse.jetty.util.log.Slf4jLog
2018-09-12 13:41:00.206 [main] INFO  o.s.b.w.e.jetty.JettyServletWebServerFactory-Server initialized with port: 8081
2018-09-12 13:41:00.208 [main] INFO  org.eclipse.jetty.server.Server-jetty-9.4.12.v20180830; built: 2018-08-30T13:59:14.071Z; git: 27208684755d94a92186989f695db2d7b21ebc51; jvm 1.8.0_171-b11
2018-09-12 13:41:00.464 [main] INFO  org.eclipse.jetty.server.session-DefaultSessionIdManager workerName=node0
2018-09-12 13:41:00.464 [main] INFO  org.eclipse.jetty.server.session-No SessionScavenger set, using defaults
2018-09-12 13:41:00.466 [main] INFO  org.eclipse.jetty.server.session-node0 Scavenging every 600000ms
2018-09-12 13:41:00.476 [main] INFO  o.e.j.server.handler.ContextHandler.application-Initializing Spring embedded WebApplicationContext
2018-09-12 13:41:00.477 [main] INFO  org.springframework.web.context.ContextLoader-Root WebApplicationContext: initialization completed in 2642 ms
2018-09-12 13:41:00.526 [main] INFO  o.s.boot.web.servlet.ServletRegistrationBean-Servlet dispatcherServlet mapped to [/]
2018-09-12 13:41:00.531 [main] INFO  o.s.boot.web.servlet.FilterRegistrationBean-Mapping filter: 'characterEncodingFilter' to: [/*]
2018-09-12 13:41:00.531 [main] INFO  o.s.boot.web.servlet.FilterRegistrationBean-Mapping filter: 'hiddenHttpMethodFilter' to: [/*]
2018-09-12 13:41:00.532 [main] INFO  o.s.boot.web.servlet.FilterRegistrationBean-Mapping filter: 'formContentFilter' to: [/*]
2018-09-12 13:41:00.532 [main] INFO  o.s.boot.web.servlet.FilterRegistrationBean-Mapping filter: 'requestContextFilter' to: [/*]
2018-09-12 13:41:00.542 [main] INFO  org.eclipse.jetty.server.handler.ContextHandler-Started o.s.b.w.e.j.JettyEmbeddedWebAppContext@47d023b7{application,/,[file:///C:/Users/moshiyong/AppData/Local/Temp/jetty-docbase.4438876370673051358.8081/, jar:file:/D:/soft/jar/io/springfox/springfox-swagger-ui/2.7.0/springfox-swagger-ui-2.7.0.jar!/META-INF/resources],AVAILABLE}
2018-09-12 13:41:00.544 [main] INFO  org.eclipse.jetty.server.Server-Started @5213ms
2018-09-12 13:41:00.567 [main] WARN  o.s.b.w.s.c.AnnotationConfigServletWebServerApplicationContext-Exception encountered during context initialization - cancelling refresh attempt: org.springframework.beans.factory.UnsatisfiedDependencyException: Error creating bean with name 'liquibaseConfig': Unsatisfied dependency expressed through field 'dataSource'; nested exception is org.springframework.beans.factory.NoSuchBeanDefinitionException: No qualifying bean of type 'javax.sql.DataSource' available: expected at least 1 bean which qualifies as autowire candidate. Dependency annotations: {@org.springframework.beans.factory.annotation.Autowired(required=true)}
2018-09-12 13:41:00.576 [main] INFO  org.eclipse.jetty.server.session-node0 Stopped scavenging
2018-09-12 13:41:00.582 [main] INFO  org.eclipse.jetty.server.handler.ContextHandler-Stopped o.s.b.w.e.j.JettyEmbeddedWebAppContext@47d023b7{application,/,[file:///C:/Users/moshiyong/AppData/Local/Temp/jetty-docbase.4438876370673051358.8081/, jar:file:/D:/soft/jar/io/springfox/springfox-swagger-ui/2.7.0/springfox-swagger-ui-2.7.0.jar!/META-INF/resources],UNAVAILABLE}
2018-09-12 13:41:00.611 [main] INFO  o.s.b.a.l.ConditionEvaluationReportLoggingListener-

Error starting ApplicationContext. To display the conditions report re-run your application with 'debug' enabled.
2018-09-12 13:41:00.909 [main] ERROR o.s.b.diagnostics.LoggingFailureAnalysisReporter-

***************************
APPLICATION FAILED TO START
***************************

Description:

Field dataSource in com.ssm.core.configuration.LiquibaseConfig required a bean of type 'javax.sql.DataSource' that could not be found.
	- Bean method 'dataSource' not loaded because @ConditionalOnClass did not find required class 'org.springframework.jdbc.datasource.embedded.EmbeddedDatabaseType'
	- Bean method 'dataSource' not loaded because @ConditionalOnClass did not find required classes 'javax.transaction.TransactionManager', 'org.springframework.jdbc.datasource.embedded.EmbeddedDatabaseType'


Action:

Consider revisiting the entries above or defining a bean of type 'javax.sql.DataSource' in your configuration.

2018-09-12 14:00:27.683 [main] INFO  com.ssm.server.start.StartServer-Starting StartServer on JRA1164529C531 with PID 12220 (D:\git\ssm-docker\target\classes started by moshiyong in D:\git\ssm-docker)
2018-09-12 14:00:27.691 [main] DEBUG com.ssm.server.start.StartServer-Running with Spring Boot v2.1.0.BUILD-SNAPSHOT, Spring v5.1.0.RC3
2018-09-12 14:00:27.693 [main] INFO  com.ssm.server.start.StartServer-No active profile set, falling back to default profiles: default
2018-09-12 14:00:29.996 [main] INFO  org.eclipse.jetty.util.log-Logging initialized @4406ms to org.eclipse.jetty.util.log.Slf4jLog
2018-09-12 14:00:30.271 [main] INFO  o.s.b.w.e.jetty.JettyServletWebServerFactory-Server initialized with port: 8081
2018-09-12 14:00:30.274 [main] INFO  org.eclipse.jetty.server.Server-jetty-9.4.12.v20180830; built: 2018-08-30T13:59:14.071Z; git: 27208684755d94a92186989f695db2d7b21ebc51; jvm 1.8.0_171-b11
2018-09-12 14:00:30.587 [main] INFO  org.eclipse.jetty.server.session-DefaultSessionIdManager workerName=node0
2018-09-12 14:00:30.587 [main] INFO  org.eclipse.jetty.server.session-No SessionScavenger set, using defaults
2018-09-12 14:00:30.588 [main] INFO  org.eclipse.jetty.server.session-node0 Scavenging every 660000ms
2018-09-12 14:00:30.596 [main] INFO  o.e.j.server.handler.ContextHandler.application-Initializing Spring embedded WebApplicationContext
2018-09-12 14:00:30.597 [main] INFO  org.springframework.web.context.ContextLoader-Root WebApplicationContext: initialization completed in 2835 ms
2018-09-12 14:00:30.643 [main] INFO  o.s.boot.web.servlet.ServletRegistrationBean-Servlet dispatcherServlet mapped to [/]
2018-09-12 14:00:30.648 [main] INFO  o.s.boot.web.servlet.FilterRegistrationBean-Mapping filter: 'characterEncodingFilter' to: [/*]
2018-09-12 14:00:30.649 [main] INFO  o.s.boot.web.servlet.FilterRegistrationBean-Mapping filter: 'hiddenHttpMethodFilter' to: [/*]
2018-09-12 14:00:30.649 [main] INFO  o.s.boot.web.servlet.FilterRegistrationBean-Mapping filter: 'formContentFilter' to: [/*]
2018-09-12 14:00:30.649 [main] INFO  o.s.boot.web.servlet.FilterRegistrationBean-Mapping filter: 'requestContextFilter' to: [/*]
2018-09-12 14:00:30.655 [main] INFO  org.eclipse.jetty.server.handler.ContextHandler-Started o.s.b.w.e.j.JettyEmbeddedWebAppContext@4f94e148{application,/,[file:///C:/Users/moshiyong/AppData/Local/Temp/jetty-docbase.5959980202961296709.8081/, jar:file:/D:/soft/jar/io/springfox/springfox-swagger-ui/2.7.0/springfox-swagger-ui-2.7.0.jar!/META-INF/resources],AVAILABLE}
2018-09-12 14:00:30.656 [main] INFO  org.eclipse.jetty.server.Server-Started @5067ms
2018-09-12 14:00:31.268 [main] WARN  o.s.b.w.s.c.AnnotationConfigServletWebServerApplicationContext-Exception encountered during context initialization - cancelling refresh attempt: org.springframework.beans.factory.UnsatisfiedDependencyException: Error creating bean with name 'liquibase' defined in class path resource [com/ssm/core/configuration/LiquibaseConfig.class]: Unsatisfied dependency expressed through method 'liquibase' parameter 0; nested exception is org.springframework.beans.factory.NoSuchBeanDefinitionException: No qualifying bean of type 'javax.sql.DataSource' available: expected at least 1 bean which qualifies as autowire candidate. Dependency annotations: {}
2018-09-12 14:00:31.277 [main] INFO  org.eclipse.jetty.server.session-node0 Stopped scavenging
2018-09-12 14:00:31.281 [main] INFO  org.eclipse.jetty.server.handler.ContextHandler-Stopped o.s.b.w.e.j.JettyEmbeddedWebAppContext@4f94e148{application,/,[file:///C:/Users/moshiyong/AppData/Local/Temp/jetty-docbase.5959980202961296709.8081/, jar:file:/D:/soft/jar/io/springfox/springfox-swagger-ui/2.7.0/springfox-swagger-ui-2.7.0.jar!/META-INF/resources],UNAVAILABLE}
2018-09-12 14:00:31.290 [main] INFO  o.s.b.a.l.ConditionEvaluationReportLoggingListener-

Error starting ApplicationContext. To display the conditions report re-run your application with 'debug' enabled.
2018-09-12 14:00:31.430 [main] ERROR o.s.b.diagnostics.LoggingFailureAnalysisReporter-

***************************
APPLICATION FAILED TO START
***************************

Description:

Parameter 0 of method liquibase in com.ssm.core.configuration.LiquibaseConfig required a bean of type 'javax.sql.DataSource' that could not be found.
	- Bean method 'dataSource' not loaded because @ConditionalOnClass did not find required class 'org.springframework.jdbc.datasource.embedded.EmbeddedDatabaseType'
	- Bean method 'dataSource' not loaded because @ConditionalOnClass did not find required classes 'javax.transaction.TransactionManager', 'org.springframework.jdbc.datasource.embedded.EmbeddedDatabaseType'


Action:

Consider revisiting the entries above or defining a bean of type 'javax.sql.DataSource' in your configuration.

2018-09-12 14:09:48.319 [main] INFO  com.ssm.server.start.StartServer-Starting StartServer on JRA1164529C531 with PID 3264 (D:\git\ssm-docker\target\classes started by moshiyong in D:\git\ssm-docker)
2018-09-12 14:09:48.344 [main] DEBUG com.ssm.server.start.StartServer-Running with Spring Boot v2.1.0.BUILD-SNAPSHOT, Spring v5.1.0.RC3
2018-09-12 14:09:48.347 [main] INFO  com.ssm.server.start.StartServer-No active profile set, falling back to default profiles: default
2018-09-12 14:09:50.849 [main] INFO  org.eclipse.jetty.util.log-Logging initialized @4778ms to org.eclipse.jetty.util.log.Slf4jLog
2018-09-12 14:09:51.101 [main] INFO  o.s.b.w.e.jetty.JettyServletWebServerFactory-Server initialized with port: 8081
2018-09-12 14:09:51.104 [main] INFO  org.eclipse.jetty.server.Server-jetty-9.4.12.v20180830; built: 2018-08-30T13:59:14.071Z; git: 27208684755d94a92186989f695db2d7b21ebc51; jvm 1.8.0_171-b11
2018-09-12 14:09:51.376 [main] INFO  org.eclipse.jetty.server.session-DefaultSessionIdManager workerName=node0
2018-09-12 14:09:51.377 [main] INFO  org.eclipse.jetty.server.session-No SessionScavenger set, using defaults
2018-09-12 14:09:51.378 [main] INFO  org.eclipse.jetty.server.session-node0 Scavenging every 660000ms
2018-09-12 14:09:51.387 [main] INFO  o.e.j.server.handler.ContextHandler.application-Initializing Spring embedded WebApplicationContext
2018-09-12 14:09:51.387 [main] INFO  org.springframework.web.context.ContextLoader-Root WebApplicationContext: initialization completed in 2948 ms
2018-09-12 14:09:51.432 [main] INFO  o.s.boot.web.servlet.ServletRegistrationBean-Servlet dispatcherServlet mapped to [/]
2018-09-12 14:09:51.437 [main] INFO  o.s.boot.web.servlet.FilterRegistrationBean-Mapping filter: 'characterEncodingFilter' to: [/*]
2018-09-12 14:09:51.437 [main] INFO  o.s.boot.web.servlet.FilterRegistrationBean-Mapping filter: 'hiddenHttpMethodFilter' to: [/*]
2018-09-12 14:09:51.437 [main] INFO  o.s.boot.web.servlet.FilterRegistrationBean-Mapping filter: 'formContentFilter' to: [/*]
2018-09-12 14:09:51.438 [main] INFO  o.s.boot.web.servlet.FilterRegistrationBean-Mapping filter: 'requestContextFilter' to: [/*]
2018-09-12 14:09:51.445 [main] INFO  org.eclipse.jetty.server.handler.ContextHandler-Started o.s.b.w.e.j.JettyEmbeddedWebAppContext@625a4ff{application,/,[file:///C:/Users/moshiyong/AppData/Local/Temp/jetty-docbase.4294116045106751115.8081/, jar:file:/D:/soft/jar/io/springfox/springfox-swagger-ui/2.7.0/springfox-swagger-ui-2.7.0.jar!/META-INF/resources],AVAILABLE}
2018-09-12 14:09:51.447 [main] INFO  org.eclipse.jetty.server.Server-Started @5376ms
2018-09-12 14:09:52.286 [main] WARN  o.s.b.w.s.c.AnnotationConfigServletWebServerApplicationContext-Exception encountered during context initialization - cancelling refresh attempt: org.springframework.beans.factory.UnsatisfiedDependencyException: Error creating bean with name 'liquibase' defined in class path resource [com/ssm/core/configuration/LiquibaseConfig.class]: Unsatisfied dependency expressed through method 'liquibase' parameter 1; nested exception is org.springframework.beans.factory.BeanCreationException: Error creating bean with name 'spring.datasource-org.springframework.boot.autoconfigure.jdbc.DataSourceProperties': Instantiation of bean failed; nested exception is org.springframework.beans.BeanInstantiationException: Failed to instantiate [org.springframework.boot.autoconfigure.jdbc.DataSourceProperties]: Constructor threw exception; nested exception is java.lang.NoClassDefFoundError: org/springframework/dao/DataAccessException
2018-09-12 14:09:52.294 [main] INFO  org.eclipse.jetty.server.session-node0 Stopped scavenging
2018-09-12 14:09:52.298 [main] INFO  org.eclipse.jetty.server.handler.ContextHandler-Stopped o.s.b.w.e.j.JettyEmbeddedWebAppContext@625a4ff{application,/,[file:///C:/Users/moshiyong/AppData/Local/Temp/jetty-docbase.4294116045106751115.8081/, jar:file:/D:/soft/jar/io/springfox/springfox-swagger-ui/2.7.0/springfox-swagger-ui-2.7.0.jar!/META-INF/resources],UNAVAILABLE}
2018-09-12 14:09:52.313 [main] INFO  o.s.b.a.l.ConditionEvaluationReportLoggingListener-

Error starting ApplicationContext. To display the conditions report re-run your application with 'debug' enabled.
2018-09-12 14:09:52.320 [main] ERROR org.springframework.boot.SpringApplication-Application run failed
org.springframework.beans.factory.UnsatisfiedDependencyException: Error creating bean with name 'liquibase' defined in class path resource [com/ssm/core/configuration/LiquibaseConfig.class]: Unsatisfied dependency expressed through method 'liquibase' parameter 1; nested exception is org.springframework.beans.factory.BeanCreationException: Error creating bean with name 'spring.datasource-org.springframework.boot.autoconfigure.jdbc.DataSourceProperties': Instantiation of bean failed; nested exception is org.springframework.beans.BeanInstantiationException: Failed to instantiate [org.springframework.boot.autoconfigure.jdbc.DataSourceProperties]: Constructor threw exception; nested exception is java.lang.NoClassDefFoundError: org/springframework/dao/DataAccessException
	at org.springframework.beans.factory.support.ConstructorResolver.createArgumentArray(ConstructorResolver.java:766)
	at org.springframework.beans.factory.support.ConstructorResolver.instantiateUsingFactoryMethod(ConstructorResolver.java:508)
	at org.springframework.beans.factory.support.AbstractAutowireCapableBeanFactory.instantiateUsingFactoryMethod(AbstractAutowireCapableBeanFactory.java:1282)
	at org.springframework.beans.factory.support.AbstractAutowireCapableBeanFactory.createBeanInstance(AbstractAutowireCapableBeanFactory.java:1126)
	at org.springframework.beans.factory.support.AbstractAutowireCapableBeanFactory.doCreateBean(AbstractAutowireCapableBeanFactory.java:538)
	at org.springframework.beans.factory.support.AbstractAutowireCapableBeanFactory.createBean(AbstractAutowireCapableBeanFactory.java:498)
	at org.springframework.beans.factory.support.AbstractBeanFactory.lambda$doGetBean$0(AbstractBeanFactory.java:320)
	at org.springframework.beans.factory.support.DefaultSingletonBeanRegistry.getSingleton(DefaultSingletonBeanRegistry.java:222)
	at org.springframework.beans.factory.support.AbstractBeanFactory.doGetBean(AbstractBeanFactory.java:318)
	at org.springframework.beans.factory.support.AbstractBeanFactory.getBean(AbstractBeanFactory.java:199)
	at org.springframework.beans.factory.support.DefaultListableBeanFactory.preInstantiateSingletons(DefaultListableBeanFactory.java:829)
	at org.springframework.context.support.AbstractApplicationContext.finishBeanFactoryInitialization(AbstractApplicationContext.java:865)
	at org.springframework.context.support.AbstractApplicationContext.refresh(AbstractApplicationContext.java:548)
	at org.springframework.boot.web.servlet.context.ServletWebServerApplicationContext.refresh(ServletWebServerApplicationContext.java:140)
	at org.springframework.boot.SpringApplication.refresh(SpringApplication.java:797)
	at org.springframework.boot.SpringApplication.refreshContext(SpringApplication.java:421)
	at org.springframework.boot.SpringApplication.run(SpringApplication.java:340)
	at org.springframework.boot.SpringApplication.run(SpringApplication.java:1291)
	at org.springframework.boot.SpringApplication.run(SpringApplication.java:1279)
	at com.ssm.server.start.StartServer.main(StartServer.java:19)
Caused by: org.springframework.beans.factory.BeanCreationException: Error creating bean with name 'spring.datasource-org.springframework.boot.autoconfigure.jdbc.DataSourceProperties': Instantiation of bean failed; nested exception is org.springframework.beans.BeanInstantiationException: Failed to instantiate [org.springframework.boot.autoconfigure.jdbc.DataSourceProperties]: Constructor threw exception; nested exception is java.lang.NoClassDefFoundError: org/springframework/dao/DataAccessException
	at org.springframework.beans.factory.support.AbstractAutowireCapableBeanFactory.instantiateBean(AbstractAutowireCapableBeanFactory.java:1264)
	at org.springframework.beans.factory.support.AbstractAutowireCapableBeanFactory.createBeanInstance(AbstractAutowireCapableBeanFactory.java:1158)
	at org.springframework.beans.factory.support.AbstractAutowireCapableBeanFactory.doCreateBean(AbstractAutowireCapableBeanFactory.java:538)
	at org.springframework.beans.factory.support.AbstractAutowireCapableBeanFactory.createBean(AbstractAutowireCapableBeanFactory.java:498)
	at org.springframework.beans.factory.support.AbstractBeanFactory.lambda$doGetBean$0(AbstractBeanFactory.java:320)
	at org.springframework.beans.factory.support.DefaultSingletonBeanRegistry.getSingleton(DefaultSingletonBeanRegistry.java:222)
	at org.springframework.beans.factory.support.AbstractBeanFactory.doGetBean(AbstractBeanFactory.java:318)
	at org.springframework.beans.factory.support.AbstractBeanFactory.getBean(AbstractBeanFactory.java:199)
	at org.springframework.beans.factory.config.DependencyDescriptor.resolveCandidate(DependencyDescriptor.java:290)
	at org.springframework.beans.factory.support.DefaultListableBeanFactory.doResolveDependency(DefaultListableBeanFactory.java:1222)
	at org.springframework.beans.factory.support.DefaultListableBeanFactory.resolveDependency(DefaultListableBeanFactory.java:1149)
	at org.springframework.beans.factory.support.ConstructorResolver.resolveAutowiredArgument(ConstructorResolver.java:854)
	at org.springframework.beans.factory.support.ConstructorResolver.createArgumentArray(ConstructorResolver.java:757)
	... 19 common frames omitted
Caused by: org.springframework.beans.BeanInstantiationException: Failed to instantiate [org.springframework.boot.autoconfigure.jdbc.DataSourceProperties]: Constructor threw exception; nested exception is java.lang.NoClassDefFoundError: org/springframework/dao/DataAccessException
	at org.springframework.beans.BeanUtils.instantiateClass(BeanUtils.java:186)
	at org.springframework.beans.factory.support.SimpleInstantiationStrategy.instantiate(SimpleInstantiationStrategy.java:87)
	at org.springframework.beans.factory.support.AbstractAutowireCapableBeanFactory.instantiateBean(AbstractAutowireCapableBeanFactory.java:1256)
	... 31 common frames omitted
Caused by: java.lang.NoClassDefFoundError: org/springframework/dao/DataAccessException
	at org.springframework.boot.autoconfigure.jdbc.DataSourceProperties.<init>(DataSourceProperties.java:152)
	at sun.reflect.NativeConstructorAccessorImpl.newInstance0(Native Method)
	at sun.reflect.NativeConstructorAccessorImpl.newInstance(NativeConstructorAccessorImpl.java:62)
	at sun.reflect.DelegatingConstructorAccessorImpl.newInstance(DelegatingConstructorAccessorImpl.java:45)
	at java.lang.reflect.Constructor.newInstance(Constructor.java:423)
	at org.springframework.beans.BeanUtils.instantiateClass(BeanUtils.java:174)
	... 33 common frames omitted
Caused by: java.lang.ClassNotFoundException: org.springframework.dao.DataAccessException
	at java.net.URLClassLoader.findClass(URLClassLoader.java:381)
	at java.lang.ClassLoader.loadClass(ClassLoader.java:424)
	at sun.misc.Launcher$AppClassLoader.loadClass(Launcher.java:349)
	at java.lang.ClassLoader.loadClass(ClassLoader.java:357)
	... 39 common frames omitted
2018-09-12 14:13:03.630 [main] INFO  com.ssm.server.start.StartServer-Starting StartServer on JRA1164529C531 with PID 16796 (D:\git\ssm-docker\target\classes started by moshiyong in D:\git\ssm-docker)
2018-09-12 14:13:03.640 [main] DEBUG com.ssm.server.start.StartServer-Running with Spring Boot v2.1.0.BUILD-SNAPSHOT, Spring v5.1.0.RC3
2018-09-12 14:13:03.643 [main] INFO  com.ssm.server.start.StartServer-No active profile set, falling back to default profiles: default
2018-09-12 14:13:06.254 [main] INFO  org.eclipse.jetty.util.log-Logging initialized @5200ms to org.eclipse.jetty.util.log.Slf4jLog
2018-09-12 14:13:06.520 [main] INFO  o.s.b.w.e.jetty.JettyServletWebServerFactory-Server initialized with port: 8081
2018-09-12 14:13:06.524 [main] INFO  org.eclipse.jetty.server.Server-jetty-9.4.12.v20180830; built: 2018-08-30T13:59:14.071Z; git: 27208684755d94a92186989f695db2d7b21ebc51; jvm 1.8.0_171-b11
2018-09-12 14:13:06.776 [main] INFO  org.eclipse.jetty.server.session-DefaultSessionIdManager workerName=node0
2018-09-12 14:13:06.776 [main] INFO  org.eclipse.jetty.server.session-No SessionScavenger set, using defaults
2018-09-12 14:13:06.778 [main] INFO  org.eclipse.jetty.server.session-node0 Scavenging every 600000ms
2018-09-12 14:13:06.787 [main] INFO  o.e.j.server.handler.ContextHandler.application-Initializing Spring embedded WebApplicationContext
2018-09-12 14:13:06.788 [main] INFO  org.springframework.web.context.ContextLoader-Root WebApplicationContext: initialization completed in 3046 ms
2018-09-12 14:13:06.830 [main] INFO  o.s.boot.web.servlet.ServletRegistrationBean-Servlet dispatcherServlet mapped to [/]
2018-09-12 14:13:06.835 [main] INFO  o.s.boot.web.servlet.FilterRegistrationBean-Mapping filter: 'characterEncodingFilter' to: [/*]
2018-09-12 14:13:06.835 [main] INFO  o.s.boot.web.servlet.FilterRegistrationBean-Mapping filter: 'hiddenHttpMethodFilter' to: [/*]
2018-09-12 14:13:06.835 [main] INFO  o.s.boot.web.servlet.FilterRegistrationBean-Mapping filter: 'formContentFilter' to: [/*]
2018-09-12 14:13:06.836 [main] INFO  o.s.boot.web.servlet.FilterRegistrationBean-Mapping filter: 'requestContextFilter' to: [/*]
2018-09-12 14:13:06.842 [main] INFO  org.eclipse.jetty.server.handler.ContextHandler-Started o.s.b.w.e.j.JettyEmbeddedWebAppContext@7847ef2c{application,/,[file:///C:/Users/moshiyong/AppData/Local/Temp/jetty-docbase.2358983835941786897.8081/, jar:file:/D:/soft/jar/io/springfox/springfox-swagger-ui/2.7.0/springfox-swagger-ui-2.7.0.jar!/META-INF/resources],AVAILABLE}
2018-09-12 14:13:06.843 [main] INFO  org.eclipse.jetty.server.Server-Started @5789ms
2018-09-12 14:13:07.621 [main] WARN  o.s.b.w.s.c.AnnotationConfigServletWebServerApplicationContext-Exception encountered during context initialization - cancelling refresh attempt: org.springframework.beans.factory.UnsatisfiedDependencyException: Error creating bean with name 'liquibase' defined in class path resource [com/ssm/core/configuration/LiquibaseConfig.class]: Unsatisfied dependency expressed through method 'liquibase' parameter 1; nested exception is org.springframework.beans.factory.BeanCreationException: Error creating bean with name 'spring.datasource-org.springframework.boot.autoconfigure.jdbc.DataSourceProperties': Instantiation of bean failed; nested exception is org.springframework.beans.BeanInstantiationException: Failed to instantiate [org.springframework.boot.autoconfigure.jdbc.DataSourceProperties]: Constructor threw exception; nested exception is java.lang.NoClassDefFoundError: org/springframework/dao/DataAccessException
2018-09-12 14:13:07.629 [main] INFO  org.eclipse.jetty.server.session-node0 Stopped scavenging
2018-09-12 14:13:07.635 [main] INFO  org.eclipse.jetty.server.handler.ContextHandler-Stopped o.s.b.w.e.j.JettyEmbeddedWebAppContext@7847ef2c{application,/,[file:///C:/Users/moshiyong/AppData/Local/Temp/jetty-docbase.2358983835941786897.8081/, jar:file:/D:/soft/jar/io/springfox/springfox-swagger-ui/2.7.0/springfox-swagger-ui-2.7.0.jar!/META-INF/resources],UNAVAILABLE}
2018-09-12 14:13:07.645 [main] INFO  o.s.b.a.l.ConditionEvaluationReportLoggingListener-

Error starting ApplicationContext. To display the conditions report re-run your application with 'debug' enabled.
2018-09-12 14:13:07.651 [main] ERROR org.springframework.boot.SpringApplication-Application run failed
org.springframework.beans.factory.UnsatisfiedDependencyException: Error creating bean with name 'liquibase' defined in class path resource [com/ssm/core/configuration/LiquibaseConfig.class]: Unsatisfied dependency expressed through method 'liquibase' parameter 1; nested exception is org.springframework.beans.factory.BeanCreationException: Error creating bean with name 'spring.datasource-org.springframework.boot.autoconfigure.jdbc.DataSourceProperties': Instantiation of bean failed; nested exception is org.springframework.beans.BeanInstantiationException: Failed to instantiate [org.springframework.boot.autoconfigure.jdbc.DataSourceProperties]: Constructor threw exception; nested exception is java.lang.NoClassDefFoundError: org/springframework/dao/DataAccessException
	at org.springframework.beans.factory.support.ConstructorResolver.createArgumentArray(ConstructorResolver.java:766)
	at org.springframework.beans.factory.support.ConstructorResolver.instantiateUsingFactoryMethod(ConstructorResolver.java:508)
	at org.springframework.beans.factory.support.AbstractAutowireCapableBeanFactory.instantiateUsingFactoryMethod(AbstractAutowireCapableBeanFactory.java:1282)
	at org.springframework.beans.factory.support.AbstractAutowireCapableBeanFactory.createBeanInstance(AbstractAutowireCapableBeanFactory.java:1126)
	at org.springframework.beans.factory.support.AbstractAutowireCapableBeanFactory.doCreateBean(AbstractAutowireCapableBeanFactory.java:538)
	at org.springframework.beans.factory.support.AbstractAutowireCapableBeanFactory.createBean(AbstractAutowireCapableBeanFactory.java:498)
	at org.springframework.beans.factory.support.AbstractBeanFactory.lambda$doGetBean$0(AbstractBeanFactory.java:320)
	at org.springframework.beans.factory.support.DefaultSingletonBeanRegistry.getSingleton(DefaultSingletonBeanRegistry.java:222)
	at org.springframework.beans.factory.support.AbstractBeanFactory.doGetBean(AbstractBeanFactory.java:318)
	at org.springframework.beans.factory.support.AbstractBeanFactory.getBean(AbstractBeanFactory.java:199)
	at org.springframework.beans.factory.support.DefaultListableBeanFactory.preInstantiateSingletons(DefaultListableBeanFactory.java:829)
	at org.springframework.context.support.AbstractApplicationContext.finishBeanFactoryInitialization(AbstractApplicationContext.java:865)
	at org.springframework.context.support.AbstractApplicationContext.refresh(AbstractApplicationContext.java:548)
	at org.springframework.boot.web.servlet.context.ServletWebServerApplicationContext.refresh(ServletWebServerApplicationContext.java:140)
	at org.springframework.boot.SpringApplication.refresh(SpringApplication.java:797)
	at org.springframework.boot.SpringApplication.refreshContext(SpringApplication.java:421)
	at org.springframework.boot.SpringApplication.run(SpringApplication.java:340)
	at org.springframework.boot.SpringApplication.run(SpringApplication.java:1291)
	at org.springframework.boot.SpringApplication.run(SpringApplication.java:1279)
	at com.ssm.server.start.StartServer.main(StartServer.java:19)
Caused by: org.springframework.beans.factory.BeanCreationException: Error creating bean with name 'spring.datasource-org.springframework.boot.autoconfigure.jdbc.DataSourceProperties': Instantiation of bean failed; nested exception is org.springframework.beans.BeanInstantiationException: Failed to instantiate [org.springframework.boot.autoconfigure.jdbc.DataSourceProperties]: Constructor threw exception; nested exception is java.lang.NoClassDefFoundError: org/springframework/dao/DataAccessException
	at org.springframework.beans.factory.support.AbstractAutowireCapableBeanFactory.instantiateBean(AbstractAutowireCapableBeanFactory.java:1264)
	at org.springframework.beans.factory.support.AbstractAutowireCapableBeanFactory.createBeanInstance(AbstractAutowireCapableBeanFactory.java:1158)
	at org.springframework.beans.factory.support.AbstractAutowireCapableBeanFactory.doCreateBean(AbstractAutowireCapableBeanFactory.java:538)
	at org.springframework.beans.factory.support.AbstractAutowireCapableBeanFactory.createBean(AbstractAutowireCapableBeanFactory.java:498)
	at org.springframework.beans.factory.support.AbstractBeanFactory.lambda$doGetBean$0(AbstractBeanFactory.java:320)
	at org.springframework.beans.factory.support.DefaultSingletonBeanRegistry.getSingleton(DefaultSingletonBeanRegistry.java:222)
	at org.springframework.beans.factory.support.AbstractBeanFactory.doGetBean(AbstractBeanFactory.java:318)
	at org.springframework.beans.factory.support.AbstractBeanFactory.getBean(AbstractBeanFactory.java:199)
	at org.springframework.beans.factory.config.DependencyDescriptor.resolveCandidate(DependencyDescriptor.java:290)
	at org.springframework.beans.factory.support.DefaultListableBeanFactory.doResolveDependency(DefaultListableBeanFactory.java:1222)
	at org.springframework.beans.factory.support.DefaultListableBeanFactory.resolveDependency(DefaultListableBeanFactory.java:1149)
	at org.springframework.beans.factory.support.ConstructorResolver.resolveAutowiredArgument(ConstructorResolver.java:854)
	at org.springframework.beans.factory.support.ConstructorResolver.createArgumentArray(ConstructorResolver.java:757)
	... 19 common frames omitted
Caused by: org.springframework.beans.BeanInstantiationException: Failed to instantiate [org.springframework.boot.autoconfigure.jdbc.DataSourceProperties]: Constructor threw exception; nested exception is java.lang.NoClassDefFoundError: org/springframework/dao/DataAccessException
	at org.springframework.beans.BeanUtils.instantiateClass(BeanUtils.java:186)
	at org.springframework.beans.factory.support.SimpleInstantiationStrategy.instantiate(SimpleInstantiationStrategy.java:87)
	at org.springframework.beans.factory.support.AbstractAutowireCapableBeanFactory.instantiateBean(AbstractAutowireCapableBeanFactory.java:1256)
	... 31 common frames omitted
Caused by: java.lang.NoClassDefFoundError: org/springframework/dao/DataAccessException
	at org.springframework.boot.autoconfigure.jdbc.DataSourceProperties.<init>(DataSourceProperties.java:152)
	at sun.reflect.NativeConstructorAccessorImpl.newInstance0(Native Method)
	at sun.reflect.NativeConstructorAccessorImpl.newInstance(NativeConstructorAccessorImpl.java:62)
	at sun.reflect.DelegatingConstructorAccessorImpl.newInstance(DelegatingConstructorAccessorImpl.java:45)
	at java.lang.reflect.Constructor.newInstance(Constructor.java:423)
	at org.springframework.beans.BeanUtils.instantiateClass(BeanUtils.java:174)
	... 33 common frames omitted
Caused by: java.lang.ClassNotFoundException: org.springframework.dao.DataAccessException
	at java.net.URLClassLoader.findClass(URLClassLoader.java:381)
	at java.lang.ClassLoader.loadClass(ClassLoader.java:424)
	at sun.misc.Launcher$AppClassLoader.loadClass(Launcher.java:349)
	at java.lang.ClassLoader.loadClass(ClassLoader.java:357)
	... 39 common frames omitted
